<?xml version="1.0" encoding="UTF-8"?>
<!-- Generated by org.testng.reporters.JUnitReportReporter -->
<testsuite hostname="cherya_ya" name="rzhdpack.OpenRzd" tests="1" failures="0" timestamp="15 Jun 2013 17:20:26 GMT" time="20.264" errors="0">
  <testcase name="openRzdRuAndVerifyItIsOpened" time="20.264" classname="rzhdpack.OpenRzd"/>
</testsuite> <!-- rzhdpack.OpenRzd -->
