<?xml version="1.0" encoding="UTF-8"?>
<!-- Generated by org.testng.reporters.JUnitReportReporter -->
<testsuite hostname="cherya_ya" name="rzhdpack.AppTest" tests="1" failures="0" timestamp="15 Jun 2013 13:32:45 GMT" time="8.279" errors="0">
  <testcase name="fireFoxTest" time="8.279" classname="rzhdpack.AppTest"/>
</testsuite> <!-- rzhdpack.AppTest -->
