<?xml version="1.0" encoding="UTF-8"?>
<!-- Generated by org.testng.reporters.JUnitReportReporter -->
<testsuite hostname="cherya_ya" name="rzhdpack.OpenRzd" tests="1" failures="0" timestamp="15 Jun 2013 18:00:48 GMT" time="16.075" errors="0">
  <testcase name="openRzdRuAndVerifyItIsOpened" time="16.075" classname="rzhdpack.OpenRzd"/>
</testsuite> <!-- rzhdpack.OpenRzd -->
