<?xml version="1.0" encoding="UTF-8"?>
<!-- Generated by org.testng.reporters.JUnitReportReporter -->
<testsuite hostname="legan-pc" name="rzhdpack.OpenRzd" tests="1" failures="0" timestamp="16 Jun 2013 09:21:01 GMT" time="34.575" errors="0">
  <testcase name="openRzdRuAndVerifyItIsOpened" time="34.575" classname="rzhdpack.OpenRzd"/>
</testsuite> <!-- rzhdpack.OpenRzd -->
